2025-09-13T14:40:45: 
> new-app@0.1.0 dev
> next dev

2025-09-13T15:01:41: 2025-09-13T15:01:41: 2025-09-13T15:13:54: 
> new-app@0.1.0 dev
> next dev

2025-09-13T15:34:36: 2025-09-13T15:34:37: 
> new-app@0.1.0 dev
> next dev

2025-09-13T15:36:35: 
> new-app@0.1.0 dev
> next dev

2025-09-13T15:49:30: 
> new-app@0.1.0 dev
> next dev

2025-09-13T15:54:30: 2025-09-13T15:54:30: 2025-09-13T15:54:31: 
> new-app@0.1.0 dev
> next dev

2025-09-13T16:43:34: 
> new-app@0.1.0 dev
> next dev

2025-09-13T16:45:13: 2025-09-13T16:45:14: 
> new-app@0.1.0 dev
> next dev

2025-09-13T16:50:54: 2025-09-13T16:50:55: 
> new-app@0.1.0 dev
> next dev

2025-09-13T17:08:45: 
> new-app@0.1.0 dev
> next dev

2025-09-13T17:21:19: 
> new-app@0.1.0 dev
> next dev

